<?xml version="1.0" encoding="UTF-8"?>
<!-- Generated by org.testng.reporters.JUnitReportReporter -->
<testsuite hostname="CPX-6PS67VJLBCB" failures="0" tests="1" name="com.iNetBanking.testCases.TC_AddCustomerTest_003" time="17.640" errors="0" timestamp="2022-05-17T16:36:59 BST" skipped="0">
  <testcase classname="com.iNetBanking.testCases.TC_AddCustomerTest_003" name="addNewCustomer" time="17.640"/>
  <system-out/>
</testsuite> <!-- com.iNetBanking.testCases.TC_AddCustomerTest_003 -->
