<?xml version="1.0" encoding="UTF-8"?>
<!-- Generated by org.testng.reporters.JUnitReportReporter -->
<testsuite hostname="CPX-6PS67VJLBCB" failures="0" tests="1" name="com.iNetBanking.testCases.TC_LoginTest_001" time="1.902" errors="0" timestamp="2022-05-17T17:08:14 BST" skipped="0">
  <testcase classname="com.iNetBanking.testCases.TC_LoginTest_001" name="loginTest" time="1.902"/>
  <system-out/>
</testsuite> <!-- com.iNetBanking.testCases.TC_LoginTest_001 -->
